<?xml version="1.0" encoding="UTF-8"?>
<!-- Generated by org.testng.reporters.JUnitReportReporter -->
<testsuite hostname="LAPTOP-FCPJENSE" failures="0" tests="1" name="actitime.testscript.DropDown" time="13.930" errors="0" timestamp="2023-06-28T22:19:48 IST" skipped="0">
  <testcase classname="actitime.testscript.DropDown" name="handleDropdown" time="13.930">
    <system-out>
      <![CDATA[Testcase is pass
Testcase is pass]]>
    </system-out>
  </testcase> <!-- handleDropdown -->
  <system-out>
    <![CDATA[Testcase is pass
Testcase is pass]]>
  </system-out>
</testsuite> <!-- actitime.testscript.DropDown -->
